<?xml version="1.0" encoding="UTF-8"?>
<testng-results ignored="1" total="4" passed="3" failed="0" skipped="0">
  <reporter-output>
  </reporter-output>
  <suite started-at="2025-08-15T19:44:22 IST" name="Default suite" finished-at="2025-08-15T19:45:26 IST" duration-ms="64218">
    <groups>
    </groups>
    <test started-at="2025-08-15T19:44:22 IST" name="Default test" finished-at="2025-08-15T19:45:26 IST" duration-ms="64218">
      <class name="TestCases.Attributes">
        <test-method is-config="true" signature="beforeTest()[pri:0, instance:TestCases.Attributes@1d296da]" started-at="2025-08-15T19:44:22 IST" name="beforeTest" finished-at="2025-08-15T19:44:30 IST" duration-ms="8319" status="PASS">
          <reporter-output>
          </reporter-output>
        </test-method> <!-- beforeTest -->
        <test-method signature="FlipkartTest()[pri:1, instance:TestCases.Attributes@1d296da]" started-at="2025-08-15T19:44:30 IST" name="FlipkartTest" finished-at="2025-08-15T19:45:06 IST" duration-ms="36168" status="PASS">
          <reporter-output>
          </reporter-output>
        </test-method> <!-- FlipkartTest -->
        <test-method signature="GoogleTest()[pri:2, instance:TestCases.Attributes@1d296da]" started-at="2025-08-15T19:45:06 IST" name="GoogleTest" finished-at="2025-08-15T19:45:18 IST" duration-ms="11923" status="PASS">
          <reporter-output>
          </reporter-output>
        </test-method> <!-- GoogleTest -->
        <test-method signature="MercuryTest()[pri:4, instance:TestCases.Attributes@1d296da]" started-at="2025-08-15T19:45:18 IST" name="MercuryTest" finished-at="2025-08-15T19:45:25 IST" duration-ms="7203" status="PASS">
          <reporter-output>
          </reporter-output>
        </test-method> <!-- MercuryTest -->
        <test-method is-config="true" signature="afterTest()[pri:0, instance:TestCases.Attributes@1d296da]" started-at="2025-08-15T19:45:25 IST" name="afterTest" finished-at="2025-08-15T19:45:26 IST" duration-ms="530" status="PASS">
          <reporter-output>
          </reporter-output>
        </test-method> <!-- afterTest -->
      </class> <!-- TestCases.Attributes -->
    </test> <!-- Default test -->
  </suite> <!-- Default suite -->
</testng-results>
