<?xml version="1.0" encoding="UTF-8"?>
<!-- Generated by org.testng.reporters.JUnitXMLReporter -->
<testsuite ignored="1" hostname="LATHEEFs-MacBook-Air.local" failures="0" tests="3" name="Default test" time="64.218" errors="0" timestamp="2025-08-15T19:45:26 IST">
  <testcase classname="TestCases.Attributes" name="FlipkartTest" time="36.168"/>
  <testcase classname="TestCases.Attributes" name="GoogleTest" time="11.923"/>
  <testcase classname="TestCases.Attributes" name="MercuryTest" time="7.203"/>
  <testcase classname="TestCases.Attributes" name="AmazonTest" time="0.0">
    <ignored/>
  </testcase> <!-- AmazonTest -->
</testsuite> <!-- Default test -->
